2021-01-29 20:31:22,194 INFO o.a.j.u.JMeterUtils: Setting Locale to en_US
2021-01-29 20:31:22,226 INFO o.a.j.JMeter: Loading system properties from: system.properties
2021-01-29 20:31:22,227 INFO o.a.j.JMeter: Setting System property: sun.net.http.allowRestrictedHeaders=true
2021-01-29 20:31:22,229 INFO o.a.j.JMeter: Copyright (c) 1998-2019 The Apache Software Foundation
2021-01-29 20:31:22,229 INFO o.a.j.JMeter: Version 5.2.1
2021-01-29 20:31:22,229 INFO o.a.j.JMeter: java.version=1.8.0_261
2021-01-29 20:31:22,229 INFO o.a.j.JMeter: java.vm.name=Java HotSpot(TM) 64-Bit Server VM
2021-01-29 20:31:22,229 INFO o.a.j.JMeter: os.name=Mac OS X
2021-01-29 20:31:22,229 INFO o.a.j.JMeter: os.arch=x86_64
2021-01-29 20:31:22,229 INFO o.a.j.JMeter: os.version=10.13.6
2021-01-29 20:31:22,229 INFO o.a.j.JMeter: file.encoding=UTF-8
2021-01-29 20:31:22,229 INFO o.a.j.JMeter: java.awt.headless=true
2021-01-29 20:31:22,230 INFO o.a.j.JMeter: Max memory     =514850816
2021-01-29 20:31:22,230 INFO o.a.j.JMeter: Available Processors =8
2021-01-29 20:31:22,235 INFO o.a.j.JMeter: Default Locale=English (United States)
2021-01-29 20:31:22,235 INFO o.a.j.JMeter: JMeter  Locale=English (United States)
2021-01-29 20:31:22,235 INFO o.a.j.JMeter: JMeterHome=/Users/arod/Desktop/performanceTesting/target/1a90289f-bde7-451e-935f-3b5e5484681c/jmeter
2021-01-29 20:31:22,235 INFO o.a.j.JMeter: user.dir  =/Users/arod/Desktop/performanceTesting/target/1a90289f-bde7-451e-935f-3b5e5484681c/jmeter/bin
2021-01-29 20:31:22,235 INFO o.a.j.JMeter: PWD       =/Users/arod/Desktop/performanceTesting/target/1a90289f-bde7-451e-935f-3b5e5484681c/jmeter/bin
2021-01-29 20:31:22,237 INFO o.a.j.JMeter: IP: 192.168.0.246 Name: alexs-MacBook-Pro.local FullName: 192.168.0.246
2021-01-29 20:31:22,240 INFO o.a.j.JMeter: Setting property 'jmeter.reportgenerator.outputdir' to:'/Users/arod/Desktop/performanceTesting/target/jmeter/reports/Login'
2021-01-29 20:31:22,244 INFO o.a.j.s.FileServer: Default base='/Users/arod/Desktop/performanceTesting/target/1a90289f-bde7-451e-935f-3b5e5484681c/jmeter/bin'
2021-01-29 20:31:22,249 INFO o.a.j.s.FileServer: Set new base='/Users/arod/Desktop/performanceTesting/target/jmeter/testFiles'
2021-01-29 20:31:22,458 INFO o.a.j.s.SaveService: Testplan (JMX) version: 2.2. Testlog (JTL) version: 2.2
2021-01-29 20:31:22,472 INFO o.a.j.s.SaveService: Using SaveService properties file encoding UTF-8
2021-01-29 20:31:22,481 INFO o.a.j.s.SaveService: Using SaveService properties version 5.0
2021-01-29 20:31:22,492 INFO o.a.j.s.SaveService: Loading file: /Users/arod/Desktop/performanceTesting/target/jmeter/testFiles/Login.jmx
2021-01-29 20:31:22,566 INFO o.a.j.p.h.s.HTTPSamplerBase: Parser for text/html is org.apache.jmeter.protocol.http.parser.LagartoBasedHtmlParser
2021-01-29 20:31:22,567 INFO o.a.j.p.h.s.HTTPSamplerBase: Parser for application/xhtml+xml is org.apache.jmeter.protocol.http.parser.LagartoBasedHtmlParser
2021-01-29 20:31:22,567 INFO o.a.j.p.h.s.HTTPSamplerBase: Parser for application/xml is org.apache.jmeter.protocol.http.parser.LagartoBasedHtmlParser
2021-01-29 20:31:22,567 INFO o.a.j.p.h.s.HTTPSamplerBase: Parser for text/xml is org.apache.jmeter.protocol.http.parser.LagartoBasedHtmlParser
2021-01-29 20:31:22,567 INFO o.a.j.p.h.s.HTTPSamplerBase: Parser for text/vnd.wap.wml is org.apache.jmeter.protocol.http.parser.RegexpHTMLParser
2021-01-29 20:31:22,567 INFO o.a.j.p.h.s.HTTPSamplerBase: Parser for text/css is org.apache.jmeter.protocol.http.parser.CssParser
2021-01-29 20:31:22,619 INFO o.a.j.JMeter: Creating summariser <summary>
2021-01-29 20:31:22,629 INFO o.a.j.r.d.ReportGenerator: ReportGenerator will use for Parsing the separator: ','
2021-01-29 20:31:22,630 INFO o.a.j.r.d.ReportGenerator: Will generate report at end of test from  results file: /Users/arod/Desktop/performanceTesting/target/jmeter/results/20210129-Login.csv
2021-01-29 20:31:22,631 INFO o.a.j.r.d.ReportGenerator: Reading report generator properties from: /Users/arod/Desktop/performanceTesting/target/1a90289f-bde7-451e-935f-3b5e5484681c/jmeter/bin/reportgenerator.properties
2021-01-29 20:31:22,631 INFO o.a.j.r.d.ReportGenerator: Merging with JMeter properties
2021-01-29 20:31:22,641 INFO o.a.j.r.c.ReportGeneratorConfiguration: Property 'jmeter.reportgenerator.temp_dir' not found, using default value 'temp' instead.
2021-01-29 20:31:22,663 INFO o.a.j.r.c.ReportGeneratorConfiguration: Property 'jmeter.reportgenerator.apdex_per_transaction' not found, using default value 'null' instead.
2021-01-29 20:31:22,664 INFO o.a.j.r.c.ReportGeneratorConfiguration: apdex_per_transaction is empty, not APDEX per transaction customization
2021-01-29 20:31:22,664 INFO o.a.j.r.c.ReportGeneratorConfiguration: Property 'jmeter.reportgenerator.sample_filter' not found, using default value 'null' instead.
2021-01-29 20:31:22,664 INFO o.a.j.r.c.ReportGeneratorConfiguration: Property 'jmeter.reportgenerator.report_title' not found, using default value 'null' instead.
2021-01-29 20:31:22,664 INFO o.a.j.r.c.ReportGeneratorConfiguration: Property 'jmeter.reportgenerator.start_date' not found, using default value 'null' instead.
2021-01-29 20:31:22,664 INFO o.a.j.r.c.ReportGeneratorConfiguration: Property 'jmeter.reportgenerator.end_date' not found, using default value 'null' instead.
2021-01-29 20:31:22,665 INFO o.a.j.r.c.ReportGeneratorConfiguration: Property 'jmeter.reportgenerator.date_format' not found, using default value 'null' instead.
2021-01-29 20:31:22,665 INFO o.a.j.r.c.ReportGeneratorConfiguration: Will use date range start date: null, end date: null
2021-01-29 20:31:22,672 INFO o.a.j.r.c.ReportGeneratorConfiguration: Property 'jmeter.reportgenerator.graph.totalTPS.exclude_controllers' not found, using default value 'false' instead.
2021-01-29 20:31:22,672 INFO o.a.j.r.c.ReportGeneratorConfiguration: Property 'jmeter.reportgenerator.graph.activeThreadsOverTime.exclude_controllers' not found, using default value 'false' instead.
2021-01-29 20:31:22,672 INFO o.a.j.r.c.ReportGeneratorConfiguration: Property 'jmeter.reportgenerator.graph.timeVsThreads.exclude_controllers' not found, using default value 'false' instead.
2021-01-29 20:31:22,673 INFO o.a.j.r.c.ReportGeneratorConfiguration: Property 'jmeter.reportgenerator.graph.responseTimeDistribution.exclude_controllers' not found, using default value 'false' instead.
2021-01-29 20:31:22,673 INFO o.a.j.r.c.ReportGeneratorConfiguration: Property 'jmeter.reportgenerator.graph.transactionsPerSecond.exclude_controllers' not found, using default value 'false' instead.
2021-01-29 20:31:22,673 INFO o.a.j.r.c.ReportGeneratorConfiguration: Property 'jmeter.reportgenerator.graph.responseTimePercentiles.exclude_controllers' not found, using default value 'false' instead.
2021-01-29 20:31:22,673 INFO o.a.j.r.c.ReportGeneratorConfiguration: Property 'jmeter.reportgenerator.graph.responseTimePercentilesOverTime.exclude_controllers' not found, using default value 'false' instead.
2021-01-29 20:31:22,674 INFO o.a.j.r.c.ReportGeneratorConfiguration: Property 'jmeter.reportgenerator.graph.responseTimesOverTime.exclude_controllers' not found, using default value 'false' instead.
2021-01-29 20:31:22,674 INFO o.a.j.r.c.ReportGeneratorConfiguration: Property 'jmeter.reportgenerator.graph.connectTimeOverTime.exclude_controllers' not found, using default value 'false' instead.
2021-01-29 20:31:22,674 INFO o.a.j.r.c.ReportGeneratorConfiguration: Property 'jmeter.reportgenerator.graph.latenciesOverTime.exclude_controllers' not found, using default value 'false' instead.
2021-01-29 20:31:22,675 INFO o.a.j.r.c.ReportGeneratorConfiguration: Property 'jmeter.reportgenerator.exporter.json.filters_only_sample_series' not found, using default value 'true' instead.
2021-01-29 20:31:22,675 INFO o.a.j.r.c.ReportGeneratorConfiguration: Property 'jmeter.reportgenerator.exporter.json.series_filter' not found, using default value '' instead.
2021-01-29 20:31:22,676 INFO o.a.j.r.c.ReportGeneratorConfiguration: Property 'jmeter.reportgenerator.exporter.json.show_controllers_only' not found, using default value 'false' instead.
2021-01-29 20:31:22,676 INFO o.a.j.r.c.ReportGeneratorConfiguration: Property 'jmeter.reportgenerator.exporter.html.filters_only_sample_series' not found, using default value 'true' instead.
2021-01-29 20:31:22,676 INFO o.a.j.r.c.ReportGeneratorConfiguration: Property 'jmeter.reportgenerator.exporter.html.series_filter' not found, using default value '' instead.
2021-01-29 20:31:22,677 INFO o.a.j.r.c.ReportGeneratorConfiguration: Property 'jmeter.reportgenerator.exporter.html.show_controllers_only' not found, using default value 'false' instead.
2021-01-29 20:31:22,684 INFO o.a.j.e.StandardJMeterEngine: Running the test!
2021-01-29 20:31:22,685 INFO o.a.j.s.SampleEvent: List of sample_variables: []
2021-01-29 20:31:22,686 INFO o.a.j.s.SampleEvent: List of sample_variables: []
2021-01-29 20:31:22,693 INFO o.a.j.e.u.CompoundVariable: Note: Function class names must contain the string: '.functions.'
2021-01-29 20:31:22,693 INFO o.a.j.e.u.CompoundVariable: Note: Function class names must not contain the string: '.gui.'
2021-01-29 20:31:23,194 INFO o.a.j.JMeter: Running test (1611970283194)
2021-01-29 20:31:23,270 INFO o.a.j.e.StandardJMeterEngine: Starting ThreadGroup: 1 : Thread Group
2021-01-29 20:31:23,270 INFO o.a.j.e.StandardJMeterEngine: Starting 20 threads for group Thread Group.
2021-01-29 20:31:23,270 INFO o.a.j.e.StandardJMeterEngine: Thread will continue on error
2021-01-29 20:31:23,271 INFO o.a.j.t.ThreadGroup: Starting thread group... number=1 threads=20 ramp-up=1 delayedStart=false
2021-01-29 20:31:23,297 INFO o.a.j.t.ThreadGroup: Started thread group number 1
2021-01-29 20:31:23,297 INFO o.a.j.e.StandardJMeterEngine: All thread groups have been started
2021-01-29 20:31:23,342 INFO o.a.j.t.JMeterThread: Thread started: Thread Group 1-1
2021-01-29 20:31:23,344 INFO o.a.j.s.FileServer: Stored: ../../../src/main/resources/UI_Email.csv
2021-01-29 20:31:23,370 INFO o.a.j.p.h.s.HTTPHCAbstractImpl: Local host = alexs-MacBook-Pro.local
2021-01-29 20:31:23,384 INFO o.a.j.p.h.s.HTTPHC4Impl: HTTP request retry count = 0
2021-01-29 20:31:23,387 INFO o.a.j.s.SampleResult: Note: Sample TimeStamps are START times
2021-01-29 20:31:23,387 INFO o.a.j.s.SampleResult: sampleresult.default.encoding is set to ISO-8859-1
2021-01-29 20:31:23,387 INFO o.a.j.s.SampleResult: sampleresult.useNanoTime=true
2021-01-29 20:31:23,387 INFO o.a.j.s.SampleResult: sampleresult.nanoThreadSleep=5000
2021-01-29 20:31:23,390 INFO o.a.j.t.JMeterThread: Thread started: Thread Group 1-2
2021-01-29 20:31:23,440 INFO o.a.j.t.JMeterThread: Thread started: Thread Group 1-3
2021-01-29 20:31:23,486 INFO o.a.j.t.JMeterThread: Thread started: Thread Group 1-4
2021-01-29 20:31:23,540 INFO o.a.j.t.JMeterThread: Thread started: Thread Group 1-5
2021-01-29 20:31:23,545 INFO o.a.j.p.h.s.h.LazyLayeredConnectionSocketFactory: Setting up HTTPS TrustAll Socket Factory
2021-01-29 20:31:23,558 INFO o.a.j.u.JsseSSLManager: Using default SSL protocol: TLS
2021-01-29 20:31:23,558 INFO o.a.j.u.JsseSSLManager: SSL session context: per-thread
2021-01-29 20:31:23,585 INFO o.a.j.t.JMeterThread: Thread started: Thread Group 1-6
2021-01-29 20:31:23,634 INFO o.a.j.t.JMeterThread: Thread started: Thread Group 1-7
2021-01-29 20:31:23,684 INFO o.a.j.t.JMeterThread: Thread started: Thread Group 1-8
2021-01-29 20:31:23,733 INFO o.a.j.t.JMeterThread: Thread started: Thread Group 1-9
2021-01-29 20:31:23,781 INFO o.a.j.t.JMeterThread: Thread started: Thread Group 1-10
2021-01-29 20:31:23,831 INFO o.a.j.t.JMeterThread: Thread started: Thread Group 1-11
2021-01-29 20:31:23,880 INFO o.a.j.t.JMeterThread: Thread started: Thread Group 1-12
2021-01-29 20:31:23,931 INFO o.a.j.t.JMeterThread: Thread started: Thread Group 1-13
2021-01-29 20:31:23,964 INFO o.a.j.u.SSLManager: JmeterKeyStore Location:  type JKS
2021-01-29 20:31:23,967 INFO o.a.j.u.SSLManager: KeyStore created OK
2021-01-29 20:31:23,967 WARN o.a.j.u.SSLManager: Keystore file not found, loading empty keystore
2021-01-29 20:31:23,982 INFO o.a.j.t.JMeterThread: Thread started: Thread Group 1-14
2021-01-29 20:31:24,027 INFO o.a.j.t.JMeterThread: Thread started: Thread Group 1-15
2021-01-29 20:31:24,073 INFO o.a.j.t.JMeterThread: Thread started: Thread Group 1-16
2021-01-29 20:31:24,122 INFO o.a.j.t.JMeterThread: Thread started: Thread Group 1-17
2021-01-29 20:31:24,180 INFO o.a.j.t.JMeterThread: Thread started: Thread Group 1-18
2021-01-29 20:31:24,238 INFO o.a.j.t.JMeterThread: Thread started: Thread Group 1-19
2021-01-29 20:31:24,267 INFO o.a.j.t.JMeterThread: Thread started: Thread Group 1-20
2021-01-29 20:31:24,759 INFO o.a.j.t.JMeterThread: Thread is done: Thread Group 1-4
2021-01-29 20:31:24,759 INFO o.a.j.t.JMeterThread: Thread is done: Thread Group 1-15
2021-01-29 20:31:24,759 INFO o.a.j.t.JMeterThread: Thread finished: Thread Group 1-4
2021-01-29 20:31:24,759 INFO o.a.j.t.JMeterThread: Thread is done: Thread Group 1-17
2021-01-29 20:31:24,759 INFO o.a.j.t.JMeterThread: Thread is done: Thread Group 1-3
2021-01-29 20:31:24,759 INFO o.a.j.t.JMeterThread: Thread finished: Thread Group 1-17
2021-01-29 20:31:24,759 INFO o.a.j.t.JMeterThread: Thread is done: Thread Group 1-2
2021-01-29 20:31:24,760 INFO o.a.j.t.JMeterThread: Thread is done: Thread Group 1-18
2021-01-29 20:31:24,759 INFO o.a.j.t.JMeterThread: Thread is done: Thread Group 1-11
2021-01-29 20:31:24,759 INFO o.a.j.t.JMeterThread: Thread is done: Thread Group 1-1
2021-01-29 20:31:24,760 INFO o.a.j.t.JMeterThread: Thread finished: Thread Group 1-18
2021-01-29 20:31:24,760 INFO o.a.j.t.JMeterThread: Thread finished: Thread Group 1-1
2021-01-29 20:31:24,760 INFO o.a.j.t.JMeterThread: Thread finished: Thread Group 1-11
2021-01-29 20:31:24,760 INFO o.a.j.t.JMeterThread: Thread is done: Thread Group 1-16
2021-01-29 20:31:24,759 INFO o.a.j.t.JMeterThread: Thread is done: Thread Group 1-7
2021-01-29 20:31:24,760 INFO o.a.j.t.JMeterThread: Thread finished: Thread Group 1-7
2021-01-29 20:31:24,759 INFO o.a.j.t.JMeterThread: Thread is done: Thread Group 1-14
2021-01-29 20:31:24,760 INFO o.a.j.t.JMeterThread: Thread finished: Thread Group 1-15
2021-01-29 20:31:24,760 INFO o.a.j.t.JMeterThread: Thread finished: Thread Group 1-14
2021-01-29 20:31:24,760 INFO o.a.j.t.JMeterThread: Thread is done: Thread Group 1-13
2021-01-29 20:31:24,761 INFO o.a.j.t.JMeterThread: Thread is done: Thread Group 1-9
2021-01-29 20:31:24,761 INFO o.a.j.t.JMeterThread: Thread is done: Thread Group 1-19
2021-01-29 20:31:24,760 INFO o.a.j.t.JMeterThread: Thread is done: Thread Group 1-6
2021-01-29 20:31:24,761 INFO o.a.j.t.JMeterThread: Thread finished: Thread Group 1-16
2021-01-29 20:31:24,761 INFO o.a.j.t.JMeterThread: Thread finished: Thread Group 1-6
2021-01-29 20:31:24,760 INFO o.a.j.t.JMeterThread: Thread finished: Thread Group 1-2
2021-01-29 20:31:24,759 INFO o.a.j.t.JMeterThread: Thread is done: Thread Group 1-12
2021-01-29 20:31:24,761 INFO o.a.j.t.JMeterThread: Thread is done: Thread Group 1-10
2021-01-29 20:31:24,759 INFO o.a.j.t.JMeterThread: Thread finished: Thread Group 1-3
2021-01-29 20:31:24,761 INFO o.a.j.t.JMeterThread: Thread finished: Thread Group 1-12
2021-01-29 20:31:24,759 INFO o.a.j.t.JMeterThread: Thread is done: Thread Group 1-8
2021-01-29 20:31:24,761 INFO o.a.j.t.JMeterThread: Thread finished: Thread Group 1-8
2021-01-29 20:31:24,761 INFO o.a.j.t.JMeterThread: Thread finished: Thread Group 1-19
2021-01-29 20:31:24,762 INFO o.a.j.t.JMeterThread: Thread finished: Thread Group 1-10
2021-01-29 20:31:24,761 INFO o.a.j.t.JMeterThread: Thread is done: Thread Group 1-5
2021-01-29 20:31:24,761 INFO o.a.j.t.JMeterThread: Thread finished: Thread Group 1-9
2021-01-29 20:31:24,761 INFO o.a.j.t.JMeterThread: Thread is done: Thread Group 1-20
2021-01-29 20:31:24,762 INFO o.a.j.t.JMeterThread: Thread finished: Thread Group 1-5
2021-01-29 20:31:24,762 INFO o.a.j.t.JMeterThread: Thread finished: Thread Group 1-20
2021-01-29 20:31:24,762 INFO o.a.j.t.JMeterThread: Thread finished: Thread Group 1-13
2021-01-29 20:31:24,796 INFO o.a.j.e.StandardJMeterEngine: Notifying test listeners of end of test
2021-01-29 20:31:24,797 INFO o.a.j.s.FileServer: Close: ../../../src/main/resources/UI_Email.csv
2021-01-29 20:31:24,798 INFO o.a.j.r.Summariser: summary =     20 in 00:00:02 =   12.5/s Avg:   880 Min:   436 Max:  1210 Err:     0 (0.00%)
2021-01-29 20:31:24,798 INFO o.a.j.JMeter: Generating Dashboard
2021-01-29 20:31:24,798 INFO o.a.j.r.d.ReportGenerator: Flushing result collector before report Generation
2021-01-29 20:31:24,816 INFO o.a.j.r.p.NormalizerSampleConsumer: Using format, 'ms', to parse timeStamp field
2021-01-29 20:31:24,913 INFO o.a.j.r.p.AbstractSampleConsumer: class org.apache.jmeter.report.processor.AggregateConsumer#stopProducing(): beginDate produced 0 samples
2021-01-29 20:31:24,913 INFO o.a.j.r.p.AbstractSampleConsumer: class org.apache.jmeter.report.processor.AggregateConsumer#stopProducing(): endDate produced 0 samples
2021-01-29 20:31:24,916 INFO o.a.j.r.p.AbstractSampleConsumer: class org.apache.jmeter.report.processor.ApdexSummaryConsumer#stopProducing(): apdexSummary produced 0 samples
2021-01-29 20:31:24,916 INFO o.a.j.r.p.AbstractSampleConsumer: class org.apache.jmeter.report.processor.RequestsSummaryConsumer#stopProducing(): requestsSummary produced 0 samples
2021-01-29 20:31:24,922 INFO o.a.j.r.p.AbstractSampleConsumer: class org.apache.jmeter.report.processor.StatisticsSummaryConsumer#stopProducing(): statisticsSummary produced 0 samples
2021-01-29 20:31:24,928 INFO o.a.j.r.p.AbstractSampleConsumer: class org.apache.jmeter.report.processor.Top5ErrorsBySamplerConsumer#stopProducing(): top5ErrorsBySampler produced 0 samples
2021-01-29 20:31:24,928 INFO o.a.j.r.p.AbstractSampleConsumer: class org.apache.jmeter.report.processor.ErrorsSummaryConsumer#stopProducing(): errorsSummary produced 0 samples
2021-01-29 20:31:24,928 INFO o.a.j.r.p.AbstractSampleConsumer: class org.apache.jmeter.report.processor.graph.impl.HitsPerSecondGraphConsumer#stopProducing(): hitsPerSecond produced 0 samples
2021-01-29 20:31:24,938 INFO o.a.j.r.p.AbstractSampleConsumer: class org.apache.jmeter.report.processor.graph.impl.LatencyVSRequestGraphConsumer#stopProducing(): latencyVsRequest produced 0 samples
2021-01-29 20:31:24,938 INFO o.a.j.r.p.AbstractSampleConsumer: class org.apache.jmeter.report.processor.graph.impl.SyntheticResponseTimeDistributionGraphConsumer#stopProducing(): syntheticResponseTimeDistribution produced 0 samples
2021-01-29 20:31:24,939 INFO o.a.j.r.p.AbstractSampleConsumer: class org.apache.jmeter.report.processor.graph.impl.BytesThroughputGraphConsumer#stopProducing(): bytesThroughputOverTime produced 0 samples
2021-01-29 20:31:24,940 INFO o.a.j.r.p.AbstractSampleConsumer: class org.apache.jmeter.report.processor.graph.impl.CodesPerSecondGraphConsumer#stopProducing(): codesPerSecond produced 0 samples
2021-01-29 20:31:24,946 INFO o.a.j.r.p.AbstractSampleConsumer: class org.apache.jmeter.report.processor.graph.impl.ResponseTimeVSRequestGraphConsumer#stopProducing(): responseTimeVsRequest produced 0 samples
2021-01-29 20:31:24,946 INFO o.a.j.r.p.AbstractSampleConsumer: class org.apache.jmeter.report.processor.FilterConsumer#stopProducing(): startIntervalControlerFilter produced 140 samples
2021-01-29 20:31:24,946 INFO o.a.j.r.p.AbstractSampleConsumer: class org.apache.jmeter.report.processor.graph.impl.TotalTPSGraphConsumer#stopProducing(): totalTPS produced 0 samples
2021-01-29 20:31:24,946 INFO o.a.j.r.p.AbstractSampleConsumer: class org.apache.jmeter.report.processor.graph.impl.ActiveThreadsGraphConsumer#stopProducing(): activeThreadsOverTime produced 0 samples
2021-01-29 20:31:24,947 INFO o.a.j.r.p.AbstractSampleConsumer: class org.apache.jmeter.report.processor.graph.impl.TimeVSThreadGraphConsumer#stopProducing(): timeVsThreads produced 0 samples
2021-01-29 20:31:24,947 INFO o.a.j.r.p.AbstractSampleConsumer: class org.apache.jmeter.report.processor.graph.impl.ResponseTimeDistributionGraphConsumer#stopProducing(): responseTimeDistribution produced 0 samples
2021-01-29 20:31:24,947 INFO o.a.j.r.p.AbstractSampleConsumer: class org.apache.jmeter.report.processor.graph.impl.TransactionsPerSecondGraphConsumer#stopProducing(): transactionsPerSecond produced 0 samples
2021-01-29 20:31:24,947 INFO o.a.j.r.p.AbstractSampleConsumer: class org.apache.jmeter.report.processor.graph.impl.ResponseTimePercentilesGraphConsumer#stopProducing(): responseTimePercentiles produced 0 samples
2021-01-29 20:31:24,948 INFO o.a.j.r.p.AbstractSampleConsumer: class org.apache.jmeter.report.processor.graph.impl.ResponseTimePercentilesOverTimeGraphConsumer#stopProducing(): responseTimePercentilesOverTime produced 0 samples
2021-01-29 20:31:24,949 INFO o.a.j.r.p.AbstractSampleConsumer: class org.apache.jmeter.report.processor.graph.impl.ResponseTimeOverTimeGraphConsumer#stopProducing(): responseTimesOverTime produced 0 samples
2021-01-29 20:31:24,949 INFO o.a.j.r.p.AbstractSampleConsumer: class org.apache.jmeter.report.processor.graph.impl.ConnectTimeOverTimeGraphConsumer#stopProducing(): connectTimeOverTime produced 0 samples
2021-01-29 20:31:24,949 INFO o.a.j.r.p.AbstractSampleConsumer: class org.apache.jmeter.report.processor.graph.impl.LatencyOverTimeGraphConsumer#stopProducing(): latenciesOverTime produced 0 samples
2021-01-29 20:31:24,949 INFO o.a.j.r.p.AbstractSampleConsumer: class org.apache.jmeter.report.processor.FilterConsumer#stopProducing(): nameFilter produced 300 samples
2021-01-29 20:31:24,949 INFO o.a.j.r.p.AbstractSampleConsumer: class org.apache.jmeter.report.processor.FilterConsumer#stopProducing(): dateRangeFilter produced 60 samples
2021-01-29 20:31:24,949 INFO o.a.j.r.p.AbstractSampleConsumer: class org.apache.jmeter.report.processor.NormalizerSampleConsumer#stopProducing(): normalizer produced 20 samples
2021-01-29 20:31:24,950 INFO o.a.j.r.p.CsvFileSampleSource: produce(): 20 samples produced in 98ms on channel 0
2021-01-29 20:31:24,950 INFO o.a.j.r.d.ReportGenerator: Exporting data using exporter:'json' of className:'org.apache.jmeter.report.dashboard.JsonExporter'
2021-01-29 20:31:24,952 INFO o.a.j.r.d.JsonExporter: Found data for consumer statisticsSummary in context
2021-01-29 20:31:24,952 INFO o.a.j.r.d.JsonExporter: Creating statistics for overall
2021-01-29 20:31:24,953 INFO o.a.j.r.d.JsonExporter: Creating statistics for other transactions
2021-01-29 20:31:24,953 INFO o.a.j.r.d.JsonExporter: Checking output folder
2021-01-29 20:31:24,954 INFO o.a.j.r.d.JsonExporter: Writing statistics JSON to /Users/arod/Desktop/performanceTesting/target/jmeter/reports/Login/statistics.json
2021-01-29 20:31:25,172 INFO o.a.j.r.d.ReportGenerator: Exporting data using exporter:'html' of className:'org.apache.jmeter.report.dashboard.HtmlTemplateExporter'
2021-01-29 20:31:25,175 INFO o.a.j.r.d.HtmlTemplateExporter: Will generate dashboard in folder: /Users/arod/Desktop/performanceTesting/target/jmeter/reports/Login
2021-01-29 20:31:25,349 INFO o.a.j.r.d.HtmlTemplateExporter: Report will be generated in: /Users/arod/Desktop/performanceTesting/target/jmeter/reports/Login, creating folder structure
2021-01-29 20:31:25,355 INFO o.a.j.r.d.TemplateVisitor: Copying folder from '/Users/arod/Desktop/performanceTesting/target/1a90289f-bde7-451e-935f-3b5e5484681c/jmeter/bin/report-template' to '/Users/arod/Desktop/performanceTesting/target/jmeter/reports/Login', got message: /Users/arod/Desktop/performanceTesting/target/jmeter/reports/Login, found non empty folder with following content [/Users/arod/Desktop/performanceTesting/target/jmeter/reports/Login/statistics.json], will be ignored
2021-01-29 20:31:25,884 INFO o.a.j.JMeter: Dashboard generated
